<?xml version="1.0" encoding="UTF-8"?>
<!-- Generated by org.testng.reporters.JUnitXMLReporter -->
<testsuite ignored="0" hostname="LAPTOP-8FI90IP6" failures="0" tests="6" name="Default test" time="20.622" errors="0" timestamp="2024-03-26T13:39:01 IST">
  <testcase classname="company.SampleForTest" name="demotes5" time="4.597"/>
  <testcase classname="company.SampleForTest" name="demotest1" time="3.155"/>
  <testcase classname="company.SampleForTest" name="demotest2" time="3.252"/>
  <testcase classname="company.SampleForTest" name="demotest3" time="2.783"/>
  <testcase classname="company.SampleForTest" name="demotest4" time="4.4"/>
  <testcase classname="company.SampleForTest" name="demotest6" time="2.367"/>
</testsuite> <!-- Default test -->
