<?xml version="1.0" encoding="UTF-8"?>
<!-- Generated by org.testng.reporters.JUnitXMLReporter -->
<testsuite ignored="0" hostname="LAPTOP-8FI90IP6" failures="0" tests="5" name="ChromeTests" time="54.02" errors="0" timestamp="2024-03-17T07:32:57 IST">
  <testcase classname="Fluent" name="launch" time="5.027"/>
  <testcase classname="company.LaunchTest" name="launchTest" time="1.657"/>
  <testcase classname="company.LaunchTest" name="testGmailClick" time="15.467"/>
  <testcase classname="CrossB.CrossBrowserTest" name="Lauchh" time="26.909"/>
  <testcase classname="NewTest" name="f" time="0.006"/>
</testsuite> <!-- ChromeTests -->
