<?xml version="1.0" encoding="UTF-8"?>
<!-- Generated by org.testng.reporters.JUnitXMLReporter -->
<testsuite ignored="0" hostname="LAPTOP-8FI90IP6" failures="0" tests="3" name="Test" time="25.629" errors="0" timestamp="2024-03-21T01:57:56 IST">
  <testcase classname="company.LaunchTest" name="launchTest" time="2.774"/>
  <testcase classname="company.LaunchTest" name="testGmailClick" time="3.137"/>
  <testcase classname="CrossB.CrossBrowserTest" name="Lauchh" time="15.399"/>
</testsuite> <!-- Test -->
