<?xml version="1.0" encoding="UTF-8"?>
<testng-results ignored="0" total="1" passed="1" failed="0" skipped="0">
  <reporter-output>
  </reporter-output>
  <suite started-at="2024-03-09T12:25:54 IST" name="Default suite" finished-at="2024-03-09T12:26:02 IST" duration-ms="7773">
    <groups>
    </groups>
    <test started-at="2024-03-09T12:25:54 IST" name="Default test" finished-at="2024-03-09T12:26:02 IST" duration-ms="7773">
      <class name="company.Launch">
        <test-method is-config="true" signature="setUp()[pri:0, instance:company.Launch@747edf66]" started-at="2024-03-09T12:25:54 IST" name="setUp" finished-at="2024-03-09T12:25:59 IST" duration-ms="5032" status="PASS">
          <reporter-output>
          </reporter-output>
        </test-method> <!-- setUp -->
        <test-method signature="launchTest()[pri:0, instance:company.Launch@747edf66]" started-at="2024-03-09T12:25:59 IST" name="launchTest" finished-at="2024-03-09T12:26:01 IST" duration-ms="1750" status="PASS">
          <reporter-output>
          </reporter-output>
        </test-method> <!-- launchTest -->
        <test-method is-config="true" signature="tearDown()[pri:0, instance:company.Launch@747edf66]" started-at="2024-03-09T12:26:01 IST" name="tearDown" finished-at="2024-03-09T12:26:02 IST" duration-ms="899" status="PASS">
          <reporter-output>
          </reporter-output>
        </test-method> <!-- tearDown -->
      </class> <!-- company.Launch -->
    </test> <!-- Default test -->
  </suite> <!-- Default suite -->
</testng-results>
