<?xml version="1.0" encoding="UTF-8"?>
<testng-results ignored="0" total="2" passed="2" failed="0" skipped="0">
  <reporter-output>
  </reporter-output>
  <suite started-at="2024-03-26T18:27:34 IST" name="Default suite" finished-at="2024-03-26T18:27:35 IST" duration-ms="1108">
    <groups>
      <group name="cucumber">
        <method signature="AbstractTestNGCucumberTests.runScenario(io.cucumber.testng.PickleWrapper,io.cucumber.testng.FeatureWrapper)[pri:0, instance:runner.TestRunner@61322f9d]" name="runScenario" class="io.cucumber.testng.AbstractTestNGCucumberTests"/>
      </group> <!-- cucumber -->
    </groups>
    <test started-at="2024-03-26T18:27:34 IST" name="Default test" finished-at="2024-03-26T18:27:35 IST" duration-ms="1108">
      <class name="runner.TestRunner">
        <test-method is-config="true" signature="setUpClass(org.testng.ITestContext)[pri:0, instance:runner.TestRunner@61322f9d]" started-at="2024-03-26T18:27:34 IST" name="setUpClass" finished-at="2024-03-26T18:27:35 IST" duration-ms="878" status="PASS">
          <params>
            <param index="0">
              <value>
                <![CDATA[org.testng.TestRunner@62d363ab]]>
              </value>
            </param>
          </params>
          <reporter-output>
          </reporter-output>
        </test-method> <!-- setUpClass -->
        <test-method signature="runScenario(io.cucumber.testng.PickleWrapper,io.cucumber.testng.FeatureWrapper)[pri:0, instance:runner.TestRunner@61322f9d]" started-at="2024-03-26T18:27:35 IST" name="runScenario" description="Runs Cucumber Scenarios" data-provider="scenarios" finished-at="2024-03-26T18:27:35 IST" duration-ms="111" status="PASS">
          <params>
            <param index="0">
              <value>
                <![CDATA["login in to flipkart"]]>
              </value>
            </param>
            <param index="1">
              <value>
                <![CDATA["as user i want  to verify the login"]]>
              </value>
            </param>
          </params>
          <reporter-output>
          </reporter-output>
        </test-method> <!-- runScenario -->
        <test-method signature="runScenario(io.cucumber.testng.PickleWrapper,io.cucumber.testng.FeatureWrapper)[pri:0, instance:runner.TestRunner@61322f9d]" started-at="2024-03-26T18:27:35 IST" name="runScenario" description="Runs Cucumber Scenarios" data-provider="scenarios" finished-at="2024-03-26T18:27:35 IST" duration-ms="12" status="PASS">
          <params>
            <param index="0">
              <value>
                <![CDATA["login in to flipkart"]]>
              </value>
            </param>
            <param index="1">
              <value>
                <![CDATA["as user i want  to verify the login"]]>
              </value>
            </param>
          </params>
          <reporter-output>
          </reporter-output>
        </test-method> <!-- runScenario -->
        <test-method is-config="true" signature="tearDownClass()[pri:0, instance:runner.TestRunner@61322f9d]" started-at="2024-03-26T18:27:35 IST" name="tearDownClass" finished-at="2024-03-26T18:27:35 IST" duration-ms="51" status="PASS">
          <reporter-output>
          </reporter-output>
        </test-method> <!-- tearDownClass -->
      </class> <!-- runner.TestRunner -->
    </test> <!-- Default test -->
  </suite> <!-- Default suite -->
</testng-results>
